2026-06-25 13:59:42,362 | INFO     | ============================================================
2026-06-25 13:59:42,363 | INFO     |  XML TRANSLATION TOOL
2026-06-25 13:59:42,363 | INFO     | ============================================================
2026-06-25 13:59:42,478 | INFO     | ✓ Загружено из кеша (_compiled_glossary.pkl). Мгновенный старт!
2026-06-25 13:59:42,481 | INFO     | 
Найдено XML файлов: 1
2026-06-25 13:59:42,482 | INFO     | 
Найдено XML-шаблонов: 1
2026-06-25 13:59:42,482 | INFO     |   [1] XML.txt: Парсит файл с переводом из ESP-ESM Translator и создает промт.
2026-06-25 13:59:42,482 | INFO     | 
Используется единственный шаблон: XML.txt
2026-06-25 13:59:42,482 | INFO     | 
============================================================
2026-06-25 13:59:42,482 | INFO     | ▶ Обработка: Completionist_Partial_20260625.xml
2026-06-25 13:59:42,482 | INFO     | ============================================================
2026-06-25 13:59:42,488 | INFO     |   Найдено 607 тегов <ORIGINAL> в Completionist_Partial_20260625.xml
2026-06-25 13:59:43,998 | INFO     | ✓ Промпт сохранен: Completionist_Partial_20260625_PROMPT.txt
2026-06-25 13:59:43,998 | INFO     |   Извлечено оригиналов: 607
2026-06-25 13:59:43,998 | INFO     |   Найдено терминов в глоссарии: 220
2026-06-25 13:59:43,998 | INFO     | ✓ Пустой файл для перевода создан: Completionist_Partial_20260625_translated.txt
2026-06-25 13:59:43,999 | INFO     |   Заполните его переводами и нажмите 'да' для вставки в XML
2026-06-25 13:59:43,999 | INFO     | 
Промпт создан. Переведите текст и сохраните в:
2026-06-25 13:59:43,999 | INFO     |   input\Completionist_Partial_20260625_translated.txt
2026-06-25 14:01:32,532 | INFO     |   Загружено 607 переводов из Completionist_Partial_20260625_translated.txt
2026-06-25 14:01:32,539 | INFO     | ✓ Вставлено 607 переводов в Completionist_Partial_20260625.xml
2026-06-25 14:01:32,539 | INFO     | ✓ Переводы успешно вставлены в XML!
2026-06-25 14:01:32,539 | INFO     | 
============================================================
2026-06-25 14:01:32,539 | INFO     |  ВСЕ XML ФАЙЛЫ ОБРАБОТАНЫ!
2026-06-25 14:01:32,539 | INFO     | ============================================================
